<?xml version="1.0" encoding="UTF-8"?>
<testsuite xmlns:xsi="http://www.w3.org/2001/XMLSchema-instance" xsi:noNamespaceSchemaLocation="https://maven.apache.org/surefire/maven-surefire-plugin/xsd/surefire-test-report.xsd" name="TestSuite" time="48.052" tests="10" errors="0" skipped="0" failures="0">
  <properties>
    <property name="java.specification.version" value="19"/>
    <property name="sun.jnu.encoding" value="UTF-8"/>
    <property name="java.class.path" value="/Users/setininoleksandrvaceslavovic/Downloads/untitled2/target/test-classes:/Users/setininoleksandrvaceslavovic/Downloads/untitled2/target/classes:/Users/setininoleksandrvaceslavovic/.m2/repository/org/aspectj/aspectjweaver/1.9.4/aspectjweaver-1.9.4.jar:/Users/setininoleksandrvaceslavovic/.m2/repository/junit/junit/3.8.1/junit-3.8.1.jar:/Users/setininoleksandrvaceslavovic/.m2/repository/org/seleniumhq/selenium/selenium-java/3.14.0/selenium-java-3.14.0.jar:/Users/setininoleksandrvaceslavovic/.m2/repository/org/seleniumhq/selenium/selenium-api/3.14.0/selenium-api-3.14.0.jar:/Users/setininoleksandrvaceslavovic/.m2/repository/org/seleniumhq/selenium/selenium-chrome-driver/3.14.0/selenium-chrome-driver-3.14.0.jar:/Users/setininoleksandrvaceslavovic/.m2/repository/org/seleniumhq/selenium/selenium-edge-driver/3.14.0/selenium-edge-driver-3.14.0.jar:/Users/setininoleksandrvaceslavovic/.m2/repository/org/seleniumhq/selenium/selenium-firefox-driver/3.14.0/selenium-firefox-driver-3.14.0.jar:/Users/setininoleksandrvaceslavovic/.m2/repository/org/seleniumhq/selenium/selenium-ie-driver/3.14.0/selenium-ie-driver-3.14.0.jar:/Users/setininoleksandrvaceslavovic/.m2/repository/org/seleniumhq/selenium/selenium-opera-driver/3.14.0/selenium-opera-driver-3.14.0.jar:/Users/setininoleksandrvaceslavovic/.m2/repository/org/seleniumhq/selenium/selenium-remote-driver/3.14.0/selenium-remote-driver-3.14.0.jar:/Users/setininoleksandrvaceslavovic/.m2/repository/org/seleniumhq/selenium/selenium-safari-driver/3.14.0/selenium-safari-driver-3.14.0.jar:/Users/setininoleksandrvaceslavovic/.m2/repository/org/seleniumhq/selenium/selenium-support/3.14.0/selenium-support-3.14.0.jar:/Users/setininoleksandrvaceslavovic/.m2/repository/net/bytebuddy/byte-buddy/1.8.15/byte-buddy-1.8.15.jar:/Users/setininoleksandrvaceslavovic/.m2/repository/org/apache/commons/commons-exec/1.3/commons-exec-1.3.jar:/Users/setininoleksandrvaceslavovic/.m2/repository/commons-codec/commons-codec/1.10/commons-codec-1.10.jar:/Users/setininoleksandrvaceslavovic/.m2/repository/commons-logging/commons-logging/1.2/commons-logging-1.2.jar:/Users/setininoleksandrvaceslavovic/.m2/repository/com/google/guava/guava/25.0-jre/guava-25.0-jre.jar:/Users/setininoleksandrvaceslavovic/.m2/repository/org/checkerframework/checker-compat-qual/2.0.0/checker-compat-qual-2.0.0.jar:/Users/setininoleksandrvaceslavovic/.m2/repository/com/google/errorprone/error_prone_annotations/2.1.3/error_prone_annotations-2.1.3.jar:/Users/setininoleksandrvaceslavovic/.m2/repository/com/google/j2objc/j2objc-annotations/1.1/j2objc-annotations-1.1.jar:/Users/setininoleksandrvaceslavovic/.m2/repository/org/codehaus/mojo/animal-sniffer-annotations/1.14/animal-sniffer-annotations-1.14.jar:/Users/setininoleksandrvaceslavovic/.m2/repository/org/apache/httpcomponents/httpclient/4.5.5/httpclient-4.5.5.jar:/Users/setininoleksandrvaceslavovic/.m2/repository/org/apache/httpcomponents/httpcore/4.4.9/httpcore-4.4.9.jar:/Users/setininoleksandrvaceslavovic/.m2/repository/com/squareup/okhttp3/okhttp/3.10.0/okhttp-3.10.0.jar:/Users/setininoleksandrvaceslavovic/.m2/repository/com/squareup/okio/okio/1.14.1/okio-1.14.1.jar:/Users/setininoleksandrvaceslavovic/.m2/repository/org/testng/testng/7.5/testng-7.5.jar:/Users/setininoleksandrvaceslavovic/.m2/repository/com/google/code/findbugs/jsr305/3.0.1/jsr305-3.0.1.jar:/Users/setininoleksandrvaceslavovic/.m2/repository/com/beust/jcommander/1.78/jcommander-1.78.jar:/Users/setininoleksandrvaceslavovic/.m2/repository/org/webjars/jquery/3.5.1/jquery-3.5.1.jar:/Users/setininoleksandrvaceslavovic/.m2/repository/log4j/log4j/1.2.8/log4j-1.2.8.jar:/Users/setininoleksandrvaceslavovic/.m2/repository/org/apache/poi/poi/3.17/poi-3.17.jar:/Users/setininoleksandrvaceslavovic/.m2/repository/org/apache/commons/commons-collections4/4.1/commons-collections4-4.1.jar:/Users/setininoleksandrvaceslavovic/.m2/repository/org/apache/poi/poi-ooxml/3.17/poi-ooxml-3.17.jar:/Users/setininoleksandrvaceslavovic/.m2/repository/org/apache/poi/poi-ooxml-schemas/3.17/poi-ooxml-schemas-3.17.jar:/Users/setininoleksandrvaceslavovic/.m2/repository/org/apache/xmlbeans/xmlbeans/2.6.0/xmlbeans-2.6.0.jar:/Users/setininoleksandrvaceslavovic/.m2/repository/stax/stax-api/1.0.1/stax-api-1.0.1.jar:/Users/setininoleksandrvaceslavovic/.m2/repository/com/github/virtuald/curvesapi/1.04/curvesapi-1.04.jar:/Users/setininoleksandrvaceslavovic/.m2/repository/org/slf4j/slf4j-api/1.7.5/slf4j-api-1.7.5.jar:/Users/setininoleksandrvaceslavovic/.m2/repository/org/slf4j/slf4j-simple/1.6.4/slf4j-simple-1.6.4.jar:"/>
    <property name="java.vm.vendor" value="Homebrew"/>
    <property name="sun.arch.data.model" value="64"/>
    <property name="java.vendor.url" value="https://github.com/Homebrew/homebrew-core/issues"/>
    <property name="os.name" value="Mac OS X"/>
    <property name="java.vm.specification.version" value="19"/>
    <property name="sun.java.launcher" value="SUN_STANDARD"/>
    <property name="user.country" value="UA"/>
    <property name="sun.boot.library.path" value="/opt/homebrew/Cellar/openjdk/19.0.1/libexec/openjdk.jdk/Contents/Home/lib"/>
    <property name="sun.java.command" value="/Users/setininoleksandrvaceslavovic/Downloads/untitled2/target/surefire/surefirebooter883971600175848960.jar /Users/setininoleksandrvaceslavovic/Downloads/untitled2/target/surefire 2023-05-30T17-56-29_988-jvmRun1 surefire12907992733358976618tmp surefire_02255323968062009001tmp"/>
    <property name="http.nonProxyHosts" value="local|*.local|169.254/16|*.169.254/16"/>
    <property name="jdk.debug" value="release"/>
    <property name="surefire.test.class.path" value="/Users/setininoleksandrvaceslavovic/Downloads/untitled2/target/test-classes:/Users/setininoleksandrvaceslavovic/Downloads/untitled2/target/classes:/Users/setininoleksandrvaceslavovic/.m2/repository/org/aspectj/aspectjweaver/1.9.4/aspectjweaver-1.9.4.jar:/Users/setininoleksandrvaceslavovic/.m2/repository/junit/junit/3.8.1/junit-3.8.1.jar:/Users/setininoleksandrvaceslavovic/.m2/repository/org/seleniumhq/selenium/selenium-java/3.14.0/selenium-java-3.14.0.jar:/Users/setininoleksandrvaceslavovic/.m2/repository/org/seleniumhq/selenium/selenium-api/3.14.0/selenium-api-3.14.0.jar:/Users/setininoleksandrvaceslavovic/.m2/repository/org/seleniumhq/selenium/selenium-chrome-driver/3.14.0/selenium-chrome-driver-3.14.0.jar:/Users/setininoleksandrvaceslavovic/.m2/repository/org/seleniumhq/selenium/selenium-edge-driver/3.14.0/selenium-edge-driver-3.14.0.jar:/Users/setininoleksandrvaceslavovic/.m2/repository/org/seleniumhq/selenium/selenium-firefox-driver/3.14.0/selenium-firefox-driver-3.14.0.jar:/Users/setininoleksandrvaceslavovic/.m2/repository/org/seleniumhq/selenium/selenium-ie-driver/3.14.0/selenium-ie-driver-3.14.0.jar:/Users/setininoleksandrvaceslavovic/.m2/repository/org/seleniumhq/selenium/selenium-opera-driver/3.14.0/selenium-opera-driver-3.14.0.jar:/Users/setininoleksandrvaceslavovic/.m2/repository/org/seleniumhq/selenium/selenium-remote-driver/3.14.0/selenium-remote-driver-3.14.0.jar:/Users/setininoleksandrvaceslavovic/.m2/repository/org/seleniumhq/selenium/selenium-safari-driver/3.14.0/selenium-safari-driver-3.14.0.jar:/Users/setininoleksandrvaceslavovic/.m2/repository/org/seleniumhq/selenium/selenium-support/3.14.0/selenium-support-3.14.0.jar:/Users/setininoleksandrvaceslavovic/.m2/repository/net/bytebuddy/byte-buddy/1.8.15/byte-buddy-1.8.15.jar:/Users/setininoleksandrvaceslavovic/.m2/repository/org/apache/commons/commons-exec/1.3/commons-exec-1.3.jar:/Users/setininoleksandrvaceslavovic/.m2/repository/commons-codec/commons-codec/1.10/commons-codec-1.10.jar:/Users/setininoleksandrvaceslavovic/.m2/repository/commons-logging/commons-logging/1.2/commons-logging-1.2.jar:/Users/setininoleksandrvaceslavovic/.m2/repository/com/google/guava/guava/25.0-jre/guava-25.0-jre.jar:/Users/setininoleksandrvaceslavovic/.m2/repository/org/checkerframework/checker-compat-qual/2.0.0/checker-compat-qual-2.0.0.jar:/Users/setininoleksandrvaceslavovic/.m2/repository/com/google/errorprone/error_prone_annotations/2.1.3/error_prone_annotations-2.1.3.jar:/Users/setininoleksandrvaceslavovic/.m2/repository/com/google/j2objc/j2objc-annotations/1.1/j2objc-annotations-1.1.jar:/Users/setininoleksandrvaceslavovic/.m2/repository/org/codehaus/mojo/animal-sniffer-annotations/1.14/animal-sniffer-annotations-1.14.jar:/Users/setininoleksandrvaceslavovic/.m2/repository/org/apache/httpcomponents/httpclient/4.5.5/httpclient-4.5.5.jar:/Users/setininoleksandrvaceslavovic/.m2/repository/org/apache/httpcomponents/httpcore/4.4.9/httpcore-4.4.9.jar:/Users/setininoleksandrvaceslavovic/.m2/repository/com/squareup/okhttp3/okhttp/3.10.0/okhttp-3.10.0.jar:/Users/setininoleksandrvaceslavovic/.m2/repository/com/squareup/okio/okio/1.14.1/okio-1.14.1.jar:/Users/setininoleksandrvaceslavovic/.m2/repository/org/testng/testng/7.5/testng-7.5.jar:/Users/setininoleksandrvaceslavovic/.m2/repository/com/google/code/findbugs/jsr305/3.0.1/jsr305-3.0.1.jar:/Users/setininoleksandrvaceslavovic/.m2/repository/com/beust/jcommander/1.78/jcommander-1.78.jar:/Users/setininoleksandrvaceslavovic/.m2/repository/org/webjars/jquery/3.5.1/jquery-3.5.1.jar:/Users/setininoleksandrvaceslavovic/.m2/repository/log4j/log4j/1.2.8/log4j-1.2.8.jar:/Users/setininoleksandrvaceslavovic/.m2/repository/org/apache/poi/poi/3.17/poi-3.17.jar:/Users/setininoleksandrvaceslavovic/.m2/repository/org/apache/commons/commons-collections4/4.1/commons-collections4-4.1.jar:/Users/setininoleksandrvaceslavovic/.m2/repository/org/apache/poi/poi-ooxml/3.17/poi-ooxml-3.17.jar:/Users/setininoleksandrvaceslavovic/.m2/repository/org/apache/poi/poi-ooxml-schemas/3.17/poi-ooxml-schemas-3.17.jar:/Users/setininoleksandrvaceslavovic/.m2/repository/org/apache/xmlbeans/xmlbeans/2.6.0/xmlbeans-2.6.0.jar:/Users/setininoleksandrvaceslavovic/.m2/repository/stax/stax-api/1.0.1/stax-api-1.0.1.jar:/Users/setininoleksandrvaceslavovic/.m2/repository/com/github/virtuald/curvesapi/1.04/curvesapi-1.04.jar:/Users/setininoleksandrvaceslavovic/.m2/repository/org/slf4j/slf4j-api/1.7.5/slf4j-api-1.7.5.jar:/Users/setininoleksandrvaceslavovic/.m2/repository/org/slf4j/slf4j-simple/1.6.4/slf4j-simple-1.6.4.jar:"/>
    <property name="sun.cpu.endian" value="little"/>
    <property name="user.home" value="/Users/setininoleksandrvaceslavovic"/>
    <property name="user.language" value="uk"/>
    <property name="java.specification.vendor" value="Oracle Corporation"/>
    <property name="java.version.date" value="2022-10-18"/>
    <property name="java.home" value="/opt/homebrew/Cellar/openjdk/19.0.1/libexec/openjdk.jdk/Contents/Home"/>
    <property name="file.separator" value="/"/>
    <property name="basedir" value="/Users/setininoleksandrvaceslavovic/Downloads/untitled2"/>
    <property name="java.vm.compressedOopsMode" value="Zero based"/>
    <property name="line.separator" value="&#10;"/>
    <property name="java.vm.specification.vendor" value="Oracle Corporation"/>
    <property name="java.specification.name" value="Java Platform API Specification"/>
    <property name="apple.awt.application.name" value="ForkedBooter"/>
    <property name="surefire.real.class.path" value="/Users/setininoleksandrvaceslavovic/Downloads/untitled2/target/surefire/surefirebooter883971600175848960.jar"/>
    <property name="sun.management.compiler" value="HotSpot 64-Bit Tiered Compilers"/>
    <property name="ftp.nonProxyHosts" value="local|*.local|169.254/16|*.169.254/16"/>
    <property name="java.runtime.version" value="19.0.1"/>
    <property name="user.name" value="setininoleksandrvaceslavovic"/>
    <property name="stdout.encoding" value="UTF-8"/>
    <property name="path.separator" value=":"/>
    <property name="os.version" value="12.2.1"/>
    <property name="java.runtime.name" value="OpenJDK Runtime Environment"/>
    <property name="file.encoding" value="UTF-8"/>
    <property name="java.vm.name" value="OpenJDK 64-Bit Server VM"/>
    <property name="java.vendor.version" value="Homebrew"/>
    <property name="localRepository" value="/Users/setininoleksandrvaceslavovic/.m2/repository"/>
    <property name="java.vendor.url.bug" value="https://github.com/Homebrew/homebrew-core/issues"/>
    <property name="java.io.tmpdir" value="/var/folders/lf/dt88nyds4jn9wxwgp77zb_8m0000gn/T/"/>
    <property name="java.version" value="19.0.1"/>
    <property name="user.dir" value="/Users/setininoleksandrvaceslavovic/Downloads/untitled2"/>
    <property name="os.arch" value="aarch64"/>
    <property name="java.vm.specification.name" value="Java Virtual Machine Specification"/>
    <property name="native.encoding" value="UTF-8"/>
    <property name="java.library.path" value="/Users/setininoleksandrvaceslavovic/Library/Java/Extensions:/Library/Java/Extensions:/Network/Library/Java/Extensions:/System/Library/Java/Extensions:/usr/lib/java:."/>
    <property name="java.vm.info" value="mixed mode, sharing"/>
    <property name="stderr.encoding" value="UTF-8"/>
    <property name="java.vendor" value="Homebrew"/>
    <property name="java.vm.version" value="19.0.1"/>
    <property name="sun.io.unicode.encoding" value="UnicodeBig"/>
    <property name="socksNonProxyHosts" value="local|*.local|169.254/16|*.169.254/16"/>
    <property name="java.class.version" value="63.0"/>
  </properties>
  <testcase name="openBrowser" classname="mytests.CallTracking" time="34.39"/>
  <testcase name="openBrowser" classname="mytests.CallTracking" time="0.978"/>
  <testcase name="openBrowser" classname="mytests.CallTracking" time="1.918"/>
  <testcase name="openBrowser" classname="mytests.CallTracking" time="2.613"/>
  <testcase name="openBrowser" classname="mytests.CallTracking" time="1.028"/>
  <testcase name="openBrowser" classname="mytests.CallTracking" time="0.911"/>
  <testcase name="openBrowser" classname="mytests.CallTracking" time="0.996"/>
  <testcase name="openBrowser" classname="mytests.CallTracking" time="1.006"/>
  <testcase name="openBrowser" classname="mytests.CallTracking" time="1.03"/>
  <testcase name="openBrowser" classname="mytests.CallTracking" time="0.975"/>
</testsuite>