<?xml version="1.0" encoding="UTF-8"?>
<!-- Generated by org.testng.reporters.JUnitReportReporter -->
<testsuite hostname="MacBook-Pro-Setinin.local" failures="0" tests="10" name="mytests.CallTracking" time="45.846" errors="0" timestamp="2023-05-30T17:57:18 EET" skipped="0">
  <testcase classname="mytests.CallTracking" name="openBrowser" time="1.031"/>
  <system-out/>
  <testcase classname="mytests.CallTracking" name="openBrowser" time="0.979"/>
  <system-out/>
  <testcase classname="mytests.CallTracking" name="openBrowser" time="0.996"/>
  <system-out/>
  <testcase classname="mytests.CallTracking" name="openBrowser" time="0.976"/>
  <system-out/>
  <testcase classname="mytests.CallTracking" name="openBrowser" time="1.918"/>
  <system-out/>
  <testcase classname="mytests.CallTracking" name="openBrowser" time="1.007"/>
  <system-out/>
  <testcase classname="mytests.CallTracking" name="openBrowser" time="0.911"/>
  <system-out/>
  <testcase classname="mytests.CallTracking" name="openBrowser" time="34.388"/>
  <system-out/>
  <testcase classname="mytests.CallTracking" name="openBrowser" time="1.027"/>
  <system-out/>
  <testcase classname="mytests.CallTracking" name="openBrowser" time="2.613"/>
  <system-out/>
</testsuite> <!-- mytests.CallTracking -->
